Compiling the CXX compiler identification source file "CMakeCXXCompilerId.cpp" failed.
Compiler: /cygdrive/e/PX4/toolchain/gcc-arm/bin/arm-none-eabi-g++.exe 
Build flags: 
Id flags:  

The output was:
1
e:/px4/toolchain/gcc-arm/bin/../lib/gcc/arm-none-eabi/7.3.1/../../../../arm-none-eabi/lib\libc.a(lib_a-exit.o): In function `exit':
exit.c:(.text.exit+0x2c): undefined reference to `_exit'
collect2.exe: error: ld returned 1 exit status


Compiling the C compiler identification source file "CMakeCCompilerId.c" failed.
Compiler: /cygdrive/e/PX4/toolchain/gcc-arm/bin/arm-none-eabi-gcc.exe 
Build flags: 
Id flags:  

The output was:
1
e:/px4/toolchain/gcc-arm/bin/../lib/gcc/arm-none-eabi/7.3.1/../../../../arm-none-eabi/lib\libc.a(lib_a-exit.o): In function `exit':
exit.c:(.text.exit+0x2c): undefined reference to `_exit'
collect2.exe: error: ld returned 1 exit status


Detecting CXX compiler ABI info failed to compile with the following output:
Change Dir: /cygdrive/e/PX4/home/PX4-Autopilot/build/px4_fmu-v3_default/CMakeFiles/CMakeTmp

Run Build Command(s):/usr/bin/ninja.exe cmTC_2211e 
[1/2] Building CXX object CMakeFiles/cmTC_2211e.dir/CMakeCXXCompilerABI.cpp.obj
arm-none-eabi-g++.exe: error: /usr/share/cmake-3.14.5/Modules/CMakeCXXCompilerABI.cpp: No such file or directory
Using built-in specs.
COLLECT_GCC=E:\PX4\toolchain\gcc-arm\bin\arm-none-eabi-g++.exe
Target: arm-none-eabi
Configured with: /tmp/jenkins/jenkins-GCC-7-build_toolchain_docker-775_20180622_1529687456/src/gcc/configure --build=x86_64-linux-gnu --host=i686-w64-mingw32 --target=arm-none-eabi --prefix=/tmp/jenkins/jenkins-GCC-7-build_toolchain_docker-775_20180622_1529687456/install-mingw --libexecdir=/tmp/jenkins/jenkins-GCC-7-build_toolchain_docker-775_20180622_1529687456/install-mingw/lib --infodir=/tmp/jenkins/jenkins-GCC-7-build_toolchain_docker-775_20180622_1529687456/install-mingw/share/doc/gcc-arm-none-eabi/info --mandir=/tmp/jenkins/jenkins-GCC-7-build_toolchain_docker-775_20180622_1529687456/install-mingw/share/doc/gcc-arm-none-eabi/man --htmldir=/tmp/jenkins/jenkins-GCC-7-build_toolchain_docker-775_20180622_1529687456/install-mingw/share/doc/gcc-arm-none-eabi/html --pdfdir=/tmp/jenkins/jenkins-GCC-7-build_toolchain_docker-775_20180622_1529687456/install-mingw/share/doc/gcc-arm-none-eabi/pdf --enable-languages=c,c++ --enable-mingw-wildcard --disable-decimal-float --disable-libffi --disable-libgomp --disable-libmudflap --disable-libquadmath --disable-libssp --disable-libstdcxx-pch --disable-nls --disable-shared --disable-threads --disable-tls --with-gnu-as --with-gnu-ld --with-headers=yes --with-newlib --with-python-dir=share/gcc-arm-none-eabi --with-sysroot=/tmp/jenkins/jenkins-GCC-7-build_toolchain_docker-775_20180622_1529687456/install-mingw/arm-none-eabi --with-libiconv-prefix=/tmp/jenkins/jenkins-GCC-7-build_toolchain_docker-775_20180622_1529687456/build-mingw/host-libs/usr --with-gmp=/tmp/jenkins/jenkins-GCC-7-build_toolchain_docker-775_20180622_1529687456/build-mingw/host-libs/usr --with-mpfr=/tmp/jenkins/jenkins-GCC-7-build_toolchain_docker-775_20180622_1529687456/build-mingw/host-libs/usr --with-mpc=/tmp/jenkins/jenkins-GCC-7-build_toolchain_docker-775_20180622_1529687456/build-mingw/host-libs/usr --with-isl=/tmp/jenkins/jenkins-GCC-7-build_toolchain_docker-775_20180622_1529687456/build-mingw/host-libs/usr --with-libelf=/tmp/jenkins/jenkins-GCC-7-build_toolchain_docker-775_20180622_1529687456/build-mingw/host-libs/usr --with-host-libstdcxx='-static-libgcc -Wl,-Bstatic,-lstdc++,-Bdynamic -lm' --with-pkgversion='GNU Tools for Arm Embedded Processors 7-2018-q2-update' --with-multilib-list=rmprofile
Thread model: single
gcc version 7.3.1 20180622 (release) [ARM/embedded-7-branch revision 261907] (GNU Tools for Arm Embedded Processors 7-2018-q2-update) 
[2/2] Linking CXX executable cmTC_2211e
FAILED: cmTC_2211e 
: && /cygdrive/e/PX4/toolchain/gcc-arm/bin/arm-none-eabi-g++.exe    --specs=nosys.specs -v CMakeFiles/cmTC_2211e.dir/CMakeCXXCompilerABI.cpp.obj  -o cmTC_2211e   && :
arm-none-eabi-g++.exe: error: CMakeFiles/cmTC_2211e.dir/CMakeCXXCompilerABI.cpp.obj: No such file or directory
Using built-in specs.
Reading specs from e:/px4/toolchain/gcc-arm/bin/../lib/gcc/arm-none-eabi/7.3.1/../../../../arm-none-eabi/lib/nosys.specs
rename spec link_gcc_c_sequence to nosys_link_gcc_c_sequence
COLLECT_GCC=E:\PX4\toolchain\gcc-arm\bin\arm-none-eabi-g++.exe
COLLECT_LTO_WRAPPER=e:/px4/toolchain/gcc-arm/bin/../lib/gcc/arm-none-eabi/7.3.1/lto-wrapper.exe
Target: arm-none-eabi
Configured with: /tmp/jenkins/jenkins-GCC-7-build_toolchain_docker-775_20180622_1529687456/src/gcc/configure --build=x86_64-linux-gnu --host=i686-w64-mingw32 --target=arm-none-eabi --prefix=/tmp/jenkins/jenkins-GCC-7-build_toolchain_docker-775_20180622_1529687456/install-mingw --libexecdir=/tmp/jenkins/jenkins-GCC-7-build_toolchain_docker-775_20180622_1529687456/install-mingw/lib --infodir=/tmp/jenkins/jenkins-GCC-7-build_toolchain_docker-775_20180622_1529687456/install-mingw/share/doc/gcc-arm-none-eabi/info --mandir=/tmp/jenkins/jenkins-GCC-7-build_toolchain_docker-775_20180622_1529687456/install-mingw/share/doc/gcc-arm-none-eabi/man --htmldir=/tmp/jenkins/jenkins-GCC-7-build_toolchain_docker-775_20180622_1529687456/install-mingw/share/doc/gcc-arm-none-eabi/html --pdfdir=/tmp/jenkins/jenkins-GCC-7-build_toolchain_docker-775_20180622_1529687456/install-mingw/share/doc/gcc-arm-none-eabi/pdf --enable-languages=c,c++ --enable-mingw-wildcard --disable-decimal-float --disable-libffi --disable-libgomp --disable-libmudflap --disable-libquadmath --disable-libssp --disable-libstdcxx-pch --disable-nls --disable-shared --disable-threads --disable-tls --with-gnu-as --with-gnu-ld --with-headers=yes --with-newlib --with-python-dir=share/gcc-arm-none-eabi --with-sysroot=/tmp/jenkins/jenkins-GCC-7-build_toolchain_docker-775_20180622_1529687456/install-mingw/arm-none-eabi --with-libiconv-prefix=/tmp/jenkins/jenkins-GCC-7-build_toolchain_docker-775_20180622_1529687456/build-mingw/host-libs/usr --with-gmp=/tmp/jenkins/jenkins-GCC-7-build_toolchain_docker-775_20180622_1529687456/build-mingw/host-libs/usr --with-mpfr=/tmp/jenkins/jenkins-GCC-7-build_toolchain_docker-775_20180622_1529687456/build-mingw/host-libs/usr --with-mpc=/tmp/jenkins/jenkins-GCC-7-build_toolchain_docker-775_20180622_1529687456/build-mingw/host-libs/usr --with-isl=/tmp/jenkins/jenkins-GCC-7-build_toolchain_docker-775_20180622_1529687456/build-mingw/host-libs/usr --with-libelf=/tmp/jenkins/jenkins-GCC-7-build_toolchain_docker-775_20180622_1529687456/build-mingw/host-libs/usr --with-host-libstdcxx='-static-libgcc -Wl,-Bstatic,-lstdc++,-Bdynamic -lm' --with-pkgversion='GNU Tools for Arm Embedded Processors 7-2018-q2-update' --with-multilib-list=rmprofile
Thread model: single
gcc version 7.3.1 20180622 (release) [ARM/embedded-7-branch revision 261907] (GNU Tools for Arm Embedded Processors 7-2018-q2-update) 
arm-none-eabi-g++.exe: fatal error: no input files
compilation terminated.
ninja: build stopped: subcommand failed.



Detecting CXX [-std=c++1z] compiler features failed to compile with the following output:
Change Dir: /cygdrive/e/PX4/home/PX4-Autopilot/build/px4_fmu-v3_default/CMakeFiles/CMakeTmp

Run Build Command(s):/usr/bin/ninja.exe cmTC_1782f 
[1/2] Building CXX object CMakeFiles/cmTC_1782f.dir/feature_tests.cxx.obj
FAILED: CMakeFiles/cmTC_1782f.dir/feature_tests.cxx.obj 
/cygdrive/e/PX4/toolchain/gcc-arm/bin/arm-none-eabi-g++.exe    -std=c++1z -o CMakeFiles/cmTC_1782f.dir/feature_tests.cxx.obj -c /cygdrive/e/PX4/home/PX4-Autopilot/build/px4_fmu-v3_default/CMakeFiles/feature_tests.cxx
arm-none-eabi-g++.exe: error: /cygdrive/e/PX4/home/PX4-Autopilot/build/px4_fmu-v3_default/CMakeFiles/feature_tests.cxx: No such file or directory
arm-none-eabi-g++.exe: fatal error: no input files
compilation terminated.
ninja: build stopped: subcommand failed.



Detecting C compiler ABI info failed to compile with the following output:
Change Dir: /cygdrive/e/PX4/home/PX4-Autopilot/build/px4_fmu-v3_default/CMakeFiles/CMakeTmp

Run Build Command(s):/usr/bin/ninja.exe cmTC_dd16b 
[1/2] Building C object CMakeFiles/cmTC_dd16b.dir/CMakeCCompilerABI.c.obj
arm-none-eabi-gcc.exe: error: /usr/share/cmake-3.14.5/Modules/CMakeCCompilerABI.c: No such file or directory
Using built-in specs.
COLLECT_GCC=E:\PX4\toolchain\gcc-arm\bin\arm-none-eabi-gcc.exe
Target: arm-none-eabi
Configured with: /tmp/jenkins/jenkins-GCC-7-build_toolchain_docker-775_20180622_1529687456/src/gcc/configure --build=x86_64-linux-gnu --host=i686-w64-mingw32 --target=arm-none-eabi --prefix=/tmp/jenkins/jenkins-GCC-7-build_toolchain_docker-775_20180622_1529687456/install-mingw --libexecdir=/tmp/jenkins/jenkins-GCC-7-build_toolchain_docker-775_20180622_1529687456/install-mingw/lib --infodir=/tmp/jenkins/jenkins-GCC-7-build_toolchain_docker-775_20180622_1529687456/install-mingw/share/doc/gcc-arm-none-eabi/info --mandir=/tmp/jenkins/jenkins-GCC-7-build_toolchain_docker-775_20180622_1529687456/install-mingw/share/doc/gcc-arm-none-eabi/man --htmldir=/tmp/jenkins/jenkins-GCC-7-build_toolchain_docker-775_20180622_1529687456/install-mingw/share/doc/gcc-arm-none-eabi/html --pdfdir=/tmp/jenkins/jenkins-GCC-7-build_toolchain_docker-775_20180622_1529687456/install-mingw/share/doc/gcc-arm-none-eabi/pdf --enable-languages=c,c++ --enable-mingw-wildcard --disable-decimal-float --disable-libffi --disable-libgomp --disable-libmudflap --disable-libquadmath --disable-libssp --disable-libstdcxx-pch --disable-nls --disable-shared --disable-threads --disable-tls --with-gnu-as --with-gnu-ld --with-headers=yes --with-newlib --with-python-dir=share/gcc-arm-none-eabi --with-sysroot=/tmp/jenkins/jenkins-GCC-7-build_toolchain_docker-775_20180622_1529687456/install-mingw/arm-none-eabi --with-libiconv-prefix=/tmp/jenkins/jenkins-GCC-7-build_toolchain_docker-775_20180622_1529687456/build-mingw/host-libs/usr --with-gmp=/tmp/jenkins/jenkins-GCC-7-build_toolchain_docker-775_20180622_1529687456/build-mingw/host-libs/usr --with-mpfr=/tmp/jenkins/jenkins-GCC-7-build_toolchain_docker-775_20180622_1529687456/build-mingw/host-libs/usr --with-mpc=/tmp/jenkins/jenkins-GCC-7-build_toolchain_docker-775_20180622_1529687456/build-mingw/host-libs/usr --with-isl=/tmp/jenkins/jenkins-GCC-7-build_toolchain_docker-775_20180622_1529687456/build-mingw/host-libs/usr --with-libelf=/tmp/jenkins/jenkins-GCC-7-build_toolchain_docker-775_20180622_1529687456/build-mingw/host-libs/usr --with-host-libstdcxx='-static-libgcc -Wl,-Bstatic,-lstdc++,-Bdynamic -lm' --with-pkgversion='GNU Tools for Arm Embedded Processors 7-2018-q2-update' --with-multilib-list=rmprofile
Thread model: single
gcc version 7.3.1 20180622 (release) [ARM/embedded-7-branch revision 261907] (GNU Tools for Arm Embedded Processors 7-2018-q2-update) 
[2/2] Linking C executable cmTC_dd16b
arm-none-eabi-gcc.exe: error: CMakeFiles/cmTC_dd16b.dir/CMakeCCompilerABI.c.obj: No such file or directory
Using built-in specs.
Reading specs from e:/px4/toolchain/gcc-arm/bin/../lib/gcc/arm-none-eabi/7.3.1/../../../../arm-none-eabi/lib/nosys.specs
rename spec link_gcc_c_sequence to nosys_link_gcc_c_sequence
COLLECT_GCC=E:\PX4\toolchain\gcc-arm\bin\arm-none-eabi-gcc.exe
COLLECT_LTO_WRAPPER=e:/px4/toolchain/gcc-arm/bin/../lib/gcc/arm-none-eabi/7.3.1/lto-wrapper.exe
Target: arm-none-eabi
Configured with: /tmp/jenkins/jenkins-GCC-7-build_toolchain_docker-775_20180622_1529687456/src/gcc/configure --build=x86_64-linux-gnu --host=i686-w64-mingw32 --target=arm-none-eabi --prefix=/tmp/jenkins/jenkins-GCC-7-build_toolchain_docker-775_20180622_1529687456/install-mingw --libexecdir=/tmp/jenkins/jenkins-GCC-7-build_toolchain_docker-775_20180622_1529687456/install-mingw/lib --infodir=/tmp/jenkins/jenkins-GCC-7-build_toolchain_docker-775_20180622_1529687456/install-mingw/share/doc/gcc-arm-none-eabi/info --mandir=/tmp/jenkins/jenkins-GCC-7-build_toolchain_docker-775_20180622_1529687456/install-mingw/share/doc/gcc-arm-none-eabi/man --htmldir=/tmp/jenkins/jenkins-GCC-7-build_toolchain_docker-775_20180622_1529687456/install-mingw/share/doc/gcc-arm-none-eabi/html --pdfdir=/tmp/jenkins/jenkins-GCC-7-build_toolchain_docker-775_20180622_1529687456/install-mingw/share/doc/gcc-arm-none-eabi/pdf --enable-languages=c,c++ --enable-mingw-wildcard --disable-decimal-float --disable-libffi --disable-libgomp --disable-libmudflap --disable-libquadmath --disable-libssp --disable-libstdcxx-pch --disable-nls --disable-shared --disable-threads --disable-tls --with-gnu-as --with-gnu-ld --with-headers=yes --with-newlib --with-python-dir=share/gcc-arm-none-eabi --with-sysroot=/tmp/jenkins/jenkins-GCC-7-build_toolchain_docker-775_20180622_1529687456/install-mingw/arm-none-eabi --with-libiconv-prefix=/tmp/jenkins/jenkins-GCC-7-build_toolchain_docker-775_20180622_1529687456/build-mingw/host-libs/usr --with-gmp=/tmp/jenkins/jenkins-GCC-7-build_toolchain_docker-775_20180622_1529687456/build-mingw/host-libs/usr --with-mpfr=/tmp/jenkins/jenkins-GCC-7-build_toolchain_docker-775_20180622_1529687456/build-mingw/host-libs/usr --with-mpc=/tmp/jenkins/jenkins-GCC-7-build_toolchain_docker-775_20180622_1529687456/build-mingw/host-libs/usr --with-isl=/tmp/jenkins/jenkins-GCC-7-build_toolchain_docker-775_20180622_1529687456/build-mingw/host-libs/usr --with-libelf=/tmp/jenkins/jenkins-GCC-7-build_toolchain_docker-775_20180622_1529687456/build-mingw/host-libs/usr --with-host-libstdcxx='-static-libgcc -Wl,-Bstatic,-lstdc++,-Bdynamic -lm' --with-pkgversion='GNU Tools for Arm Embedded Processors 7-2018-q2-update' --with-multilib-list=rmprofile
Thread model: single
gcc version 7.3.1 20180622 (release) [ARM/embedded-7-branch revision 261907] (GNU Tools for Arm Embedded Processors 7-2018-q2-update) 

Cannot copy output executable
  ''
to destination specified by COPY_FILE:
  '/cygdrive/e/PX4/home/PX4-Autopilot/build/px4_fmu-v3_default/CMakeFiles/3.14.5/CMakeDetermineCompilerABI_C.bin'
Unable to find the executable at any of:
  /cygdrive/e/PX4/home/PX4-Autopilot/build/px4_fmu-v3_default/CMakeFiles/CMakeTmp/cmTC_dd16b
  /cygdrive/e/PX4/home/PX4-Autopilot/build/px4_fmu-v3_default/CMakeFiles/CMakeTmp/Debug/cmTC_dd16b
  /cygdrive/e/PX4/home/PX4-Autopilot/build/px4_fmu-v3_default/CMakeFiles/CMakeTmp/Development/cmTC_dd16b


Detecting C [-std=c11] compiler features failed to compile with the following output:
Change Dir: /cygdrive/e/PX4/home/PX4-Autopilot/build/px4_fmu-v3_default/CMakeFiles/CMakeTmp

Run Build Command(s):/usr/bin/ninja.exe cmTC_5946b 
[1/2] Building C object CMakeFiles/cmTC_5946b.dir/feature_tests.c.obj
FAILED: CMakeFiles/cmTC_5946b.dir/feature_tests.c.obj 
/cygdrive/e/PX4/toolchain/gcc-arm/bin/arm-none-eabi-gcc.exe   -std=c11 -o CMakeFiles/cmTC_5946b.dir/feature_tests.c.obj   -c /cygdrive/e/PX4/home/PX4-Autopilot/build/px4_fmu-v3_default/CMakeFiles/feature_tests.c
arm-none-eabi-gcc.exe: error: /cygdrive/e/PX4/home/PX4-Autopilot/build/px4_fmu-v3_default/CMakeFiles/feature_tests.c: No such file or directory
arm-none-eabi-gcc.exe: fatal error: no input files
compilation terminated.
ninja: build stopped: subcommand failed.



