The target system is: Generic - 1 - cortex-m4
The host system is: CYGWIN - 3.1.4(0.340/5/3) - x86_64
Compiling the CXX compiler identification source file "CMakeCXXCompilerId.cpp" succeeded.
Compiler: /cygdrive/e/PX4/toolchain/gcc-arm/bin/arm-none-eabi-g++.exe 
Build flags: 
Id flags: -c 

The output was:
0


Compilation of the CXX compiler identification source "CMakeCXXCompilerId.cpp" produced "CMakeCXXCompilerId.o"

The CXX compiler identification is GNU, found in "/cygdrive/e/PX4/home/PX4-Autopilot/build/px4_fmu-v4_default/CMakeFiles/3.14.5/CompilerIdCXX/CMakeCXXCompilerId.o"

Compiling the C compiler identification source file "CMakeCCompilerId.c" succeeded.
Compiler: /cygdrive/e/PX4/toolchain/gcc-arm/bin/arm-none-eabi-gcc.exe 
Build flags: 
Id flags: -c 

The output was:
0


Compilation of the C compiler identification source "CMakeCCompilerId.c" produced "CMakeCCompilerId.o"

The C compiler identification is GNU, found in "/cygdrive/e/PX4/home/PX4-Autopilot/build/px4_fmu-v4_default/CMakeFiles/3.14.5/CompilerIdC/CMakeCCompilerId.o"

Checking whether the ASM compiler is GNU using "--version" matched "(GNU assembler)|(GCC)|(Free Software Foundation)":
arm-none-eabi-gcc.exe (GNU Tools for Arm Embedded Processors 7-2018-q2-update) 7.3.1 20180622 (release) [ARM/embedded-7-branch revision 261907]
Copyright (C) 2017 Free Software Foundation, Inc.
This is free software; see the source for copying conditions.  There is NO
warranty; not even for MERCHANTABILITY or FITNESS FOR A PARTICULAR PURPOSE.

Determining if the CXX compiler works passed with the following output:
Change Dir: /cygdrive/e/PX4/home/PX4-Autopilot/build/px4_fmu-v4_default/CMakeFiles/CMakeTmp

Run Build Command(s):/usr/bin/ninja.exe cmTC_caa91 
[1/2] Building CXX object CMakeFiles/cmTC_caa91.dir/testCXXCompiler.cxx.obj
[2/2] Linking CXX executable cmTC_caa91


Determining if the C compiler works passed with the following output:
Change Dir: /cygdrive/e/PX4/home/PX4-Autopilot/build/px4_fmu-v4_default/CMakeFiles/CMakeTmp

Run Build Command(s):/usr/bin/ninja.exe cmTC_7e636 
[1/2] Building C object CMakeFiles/cmTC_7e636.dir/testCCompiler.c.obj
[2/2] Linking C executable cmTC_7e636


